<?xml version="1.0" encoding="utf-8" standalone="no"?>
<test-results xmlns:xsi="http://www.w3.org/2001/XMLSchema-instance" xsi:noNamespaceSchemaLocation="nunit_schema_2.5.xsd" name="Pester" total="37" errors="0" failures="7" not-run="0" inconclusive="30" ignored="0" skipped="0" invalid="0" date="2018-07-26" time="16:35:24">
  <environment user="mk" machine-name="EPIC-WIN-MICHAL" cwd="C:\Users\mk\Juniper\tmp\contrail-windows-ci\CIScripts" user-domain="CONTRAIL" platform="Microsoft Windows Server 2016 Standard|C:\Windows|\Device\Harddisk0\Partition4" nunit-version="2.5.8.0" os-version="10.0.14393" clr-version="4.0.30319.42000" />
  <culture-info current-culture="en-US" current-uiculture="en-US" />
  <test-suite type="TestFixture" name="Pester" executed="True" result="Failure" success="False" time="47.1482" asserts="0" description="Pester">
    <results>
      <test-suite type="TestFixture" name="C:\Users\mk\Juniper\tmp\contrail-windows-ci\Test\PesterHelpers\PesterHelpers.Tests.ps1" executed="True" result="Success" success="True" time="0" asserts="0" description="C:\Users\mk\Juniper\tmp\contrail-windows-ci\Test\PesterHelpers\PesterHelpers.Tests.ps1">
        <results />
      </test-suite>
      <test-suite type="TestFixture" name="C:\Users\mk\Juniper\tmp\contrail-windows-ci\Test\PesterLogger\Get-CurrentPesterScope.Tests.ps1" executed="True" result="Success" success="True" time="0" asserts="0" description="C:\Users\mk\Juniper\tmp\contrail-windows-ci\Test\PesterLogger\Get-CurrentPesterScope.Tests.ps1">
        <results />
      </test-suite>
      <test-suite type="TestFixture" name="C:\Users\mk\Juniper\tmp\contrail-windows-ci\Test\PesterLogger\PesterLogger.Tests.ps1" executed="True" result="Success" success="True" time="0" asserts="0" description="C:\Users\mk\Juniper\tmp\contrail-windows-ci\Test\PesterLogger\PesterLogger.Tests.ps1">
        <results />
      </test-suite>
      <test-suite type="TestFixture" name="C:\Users\mk\Juniper\tmp\contrail-windows-ci\Test\PesterLogger\RemoteLogCollector.Tests.ps1" executed="True" result="Success" success="True" time="0" asserts="0" description="C:\Users\mk\Juniper\tmp\contrail-windows-ci\Test\PesterLogger\RemoteLogCollector.Tests.ps1">
        <results />
      </test-suite>
      <test-suite type="TestFixture" name="C:\Users\mk\Juniper\tmp\contrail-windows-ci\Test\Tests\Integration\AgentRegistering.Tests.ps1" executed="True" result="Inconclusive" success="True" time="4.3442" asserts="0" description="C:\Users\mk\Juniper\tmp\contrail-windows-ci\Test\Tests\Integration\AgentRegistering.Tests.ps1">
        <results>
          <test-suite type="TestFixture" name="Agent registering" executed="True" result="Inconclusive" success="True" time="4.3442" asserts="0" description="Agent registering">
            <results>
              <test-suite type="TestFixture" name="Compute node" executed="True" result="Inconclusive" success="True" time="4.3442" asserts="0" description="Compute node">
                <results>
                  <test-case description="appears in DnsAgentList" name="Agent registering.Compute node.appears in DnsAgentList" time="4.3139" asserts="0" success="True" result="Inconclusive" executed="True" />
                  <test-case description="appears in XMPPDnsData" name="Agent registering.Compute node.appears in XMPPDnsData" time="0.016" asserts="0" success="True" result="Inconclusive" executed="True" />
                  <test-case description="appears in ShowCollectorServer" name="Agent registering.Compute node.appears in ShowCollectorServer" time="0.0142" asserts="0" success="True" result="Inconclusive" executed="True" />
                </results>
              </test-suite>
            </results>
          </test-suite>
        </results>
      </test-suite>
      <test-suite type="TestFixture" name="C:\Users\mk\Juniper\tmp\contrail-windows-ci\Test\Tests\Integration\DockerDriver.Tests.ps1" executed="True" result="Failure" success="False" time="1.7136" asserts="0" description="C:\Users\mk\Juniper\tmp\contrail-windows-ci\Test\Tests\Integration\DockerDriver.Tests.ps1">
        <results>
          <test-suite type="TestFixture" name="Docker Driver" executed="True" result="Failure" success="False" time="1.7136" asserts="0" description="Docker Driver">
            <results>
              <test-case description="Error occurred in Describe block" name="Docker Driver.Error occurred in Describe block" time="1.7136" asserts="0" success="False" result="Failure" executed="True">
                <failure>
                  <message>Access to the path 'C:\Users\mk\Juniper\tmp\contrail-windows-ci\CIScripts\asdf' is denied.</message>
                  <stack-trace>At C:\Users\mk\Juniper\tmp\contrail-windows-ci\CIScripts\Testenv\Testenv.ps1:39 char:21</stack-trace>
                </failure>
              </test-case>
            </results>
          </test-suite>
        </results>
      </test-suite>
      <test-suite type="TestFixture" name="C:\Users\mk\Juniper\tmp\contrail-windows-ci\Test\Tests\Integration\DockerDriverNetworking.Tests.ps1" executed="True" result="Inconclusive" success="True" time="0.8693" asserts="0" description="C:\Users\mk\Juniper\tmp\contrail-windows-ci\Test\Tests\Integration\DockerDriverNetworking.Tests.ps1">
        <results>
          <test-suite type="TestFixture" name="Docker driver networking" executed="True" result="Inconclusive" success="True" time="0.8693" asserts="0" description="Docker driver networking">
            <results>
              <test-suite type="TestFixture" name="conflicting local IPs" executed="True" result="Inconclusive" success="True" time="0.4803" asserts="0" description="conflicting local IPs">
                <results>
                  <test-case description="can create containers for different tenants with same IP" name="Docker driver networking.conflicting local IPs.can create containers for different tenants with same IP" time="0.4803" asserts="0" success="True" result="Inconclusive" executed="True" />
                </results>
              </test-suite>
              <test-suite type="TestFixture" name="network with single subnet" executed="True" result="Inconclusive" success="True" time="0.145" asserts="0" description="network with single subnet">
                <results>
                  <test-case description="creates a network with default, non-specified subnet correctly" name="Docker driver networking.network with single subnet.creates a network with default, non-specified subnet correctly" time="0.1114" asserts="0" success="True" result="Inconclusive" executed="True" />
                  <test-case description="creates a network with explicitly specified subnet correctly" name="Docker driver networking.network with single subnet.creates a network with explicitly specified subnet correctly" time="0.0193" asserts="0" success="True" result="Inconclusive" executed="True" />
                  <test-case description="does not create a network with invalid subnet" name="Docker driver networking.network with single subnet.does not create a network with invalid subnet" time="0.0144" asserts="0" success="True" result="Inconclusive" executed="True" />
                </results>
              </test-suite>
              <test-suite type="TestFixture" name="network with multiple subnets" executed="True" result="Inconclusive" success="True" time="0.144" asserts="0" description="network with multiple subnets">
                <results>
                  <test-case description="does not create a network without explicitly specifying a subnet" name="Docker driver networking.network with multiple subnets.does not create a network without explicitly specifying a subnet" time="0.1086" asserts="0" success="True" result="Inconclusive" executed="True" />
                  <test-case description="creates a network with first subnet specified" name="Docker driver networking.network with multiple subnets.creates a network with first subnet specified" time="0.0095" asserts="0" success="True" result="Inconclusive" executed="True" />
                  <test-case description="creates a network with second subnet specified" name="Docker driver networking.network with multiple subnets.creates a network with second subnet specified" time="0.0136" asserts="0" success="True" result="Inconclusive" executed="True" />
                  <test-case description="does not create a newtork with invalid subnet" name="Docker driver networking.network with multiple subnets.does not create a newtork with invalid subnet" time="0.0123" asserts="0" success="True" result="Inconclusive" executed="True" />
                </results>
              </test-suite>
              <test-suite type="TestFixture" name="multiple networks with multiple subnets each" executed="True" result="Inconclusive" success="True" time="0.1" asserts="0" description="multiple networks with multiple subnets each">
                <results>
                  <test-case description="creates multiple networks with multiple subnets correctly" name="Docker driver networking.multiple networks with multiple subnets each.creates multiple networks with multiple subnets correctly" time="0.1" asserts="0" success="True" result="Inconclusive" executed="True" />
                </results>
              </test-suite>
            </results>
          </test-suite>
        </results>
      </test-suite>
      <test-suite type="TestFixture" name="C:\Users\mk\Juniper\tmp\contrail-windows-ci\Test\Tests\Integration\Flows.Tests.ps1" executed="True" result="Inconclusive" success="True" time="0.517" asserts="0" description="C:\Users\mk\Juniper\tmp\contrail-windows-ci\Test\Tests\Integration\Flows.Tests.ps1">
        <results>
          <test-suite type="TestFixture" name="Flows" executed="True" result="Inconclusive" success="True" time="0.517" asserts="0" description="Flows">
            <results>
              <test-case description="injects flows on ICMP traffic" name="Flows.injects flows on ICMP traffic" time="0.4828" asserts="0" success="True" result="Inconclusive" executed="True" />
              <test-case description="flows are injected and evicted on TCP traffic when session is closed" name="Flows.flows are injected and evicted on TCP traffic when session is closed" time="0.0122" asserts="0" success="True" result="Inconclusive" executed="True" />
              <test-case description="injects flows on UDP traffic" name="Flows.injects flows on UDP traffic" time="0.0219" asserts="0" success="True" result="Inconclusive" executed="True" />
            </results>
          </test-suite>
        </results>
      </test-suite>
      <test-suite type="TestFixture" name="C:\Users\mk\Juniper\tmp\contrail-windows-ci\Test\Tests\Integration\ForwardingExtension.Tests.ps1" executed="True" result="Inconclusive" success="True" time="0.353" asserts="0" description="C:\Users\mk\Juniper\tmp\contrail-windows-ci\Test\Tests\Integration\ForwardingExtension.Tests.ps1">
        <results>
          <test-suite type="TestFixture" name="Forwarding extension" executed="True" result="Inconclusive" success="True" time="0.353" asserts="0" description="Forwarding extension">
            <results>
              <test-case description="enabling/disabling multiple consecutive times doesn't crash the system" name="Forwarding extension.enabling/disabling multiple consecutive times doesn't crash the system" time="0.353" asserts="0" success="True" result="Inconclusive" executed="True" />
            </results>
          </test-suite>
        </results>
      </test-suite>
      <test-suite type="TestFixture" name="C:\Users\mk\Juniper\tmp\contrail-windows-ci\Test\Tests\Integration\Pkt0.Tests.ps1" executed="True" result="Inconclusive" success="True" time="0.4118" asserts="0" description="C:\Users\mk\Juniper\tmp\contrail-windows-ci\Test\Tests\Integration\Pkt0.Tests.ps1">
        <results>
          <test-suite type="TestFixture" name="pkt0 interface" executed="True" result="Inconclusive" success="True" time="0.4118" asserts="0" description="pkt0 interface">
            <results>
              <test-case description="pkt0 appears in vRouter when agent is started" name="pkt0 interface.pkt0 appears in vRouter when agent is started" time="0.3599" asserts="0" success="True" result="Inconclusive" executed="True" />
              <test-case description="pkt0 remains injected after agent stops" name="pkt0 interface.pkt0 remains injected after agent stops" time="0.0101" asserts="0" success="True" result="Inconclusive" executed="True" />
              <test-case description="only one pkt0 exists after agent is restarted" name="pkt0 interface.only one pkt0 exists after agent is restarted" time="0.0131" asserts="0" success="True" result="Inconclusive" executed="True" />
              <test-case description="pkt0 receives traffic when agent is restarted" name="pkt0 interface.pkt0 receives traffic when agent is restarted" time="0.0136" asserts="0" success="True" result="Inconclusive" executed="True" />
              <test-case description="gateway ARP is resolved in Agent through pkt0" name="pkt0 interface.gateway ARP is resolved in Agent through pkt0" time="0.0151" asserts="0" success="True" result="Inconclusive" executed="True" />
            </results>
          </test-suite>
        </results>
      </test-suite>
      <test-suite type="TestFixture" name="C:\Users\mk\Juniper\tmp\contrail-windows-ci\Test\Tests\Integration\SNAT.Tests.ps1" executed="True" result="Inconclusive" success="True" time="0.435" asserts="0" description="C:\Users\mk\Juniper\tmp\contrail-windows-ci\Test\Tests\Integration\SNAT.Tests.ps1">
        <results>
          <test-suite type="TestFixture" name="SNAT manual setup" executed="True" result="Inconclusive" success="True" time="0.435" asserts="0" description="SNAT manual setup">
            <results>
              <test-case description="cleans up VMA" name="SNAT manual setup.cleans up VMA" time="0.4035" asserts="0" success="True" result="Inconclusive" executed="True" />
              <test-case description="cleans up VHDX" name="SNAT manual setup.cleans up VHDX" time="0.0138" asserts="0" success="True" result="Inconclusive" executed="True" />
              <test-case description="can ping endhost from container via SNAT" name="SNAT manual setup.can ping endhost from container via SNAT" time="0.0176" asserts="0" success="True" result="Inconclusive" executed="True" />
            </results>
          </test-suite>
        </results>
      </test-suite>
      <test-suite type="TestFixture" name="C:\Users\mk\Juniper\tmp\contrail-windows-ci\Test\Tests\Integration\vRouterAgentMSIInstaller.Tests.ps1" executed="True" result="Failure" success="False" time="5.4506" asserts="0" description="C:\Users\mk\Juniper\tmp\contrail-windows-ci\Test\Tests\Integration\vRouterAgentMSIInstaller.Tests.ps1">
        <results>
          <test-suite type="TestFixture" name="vRouter Agent MSI installer" executed="True" result="Failure" success="False" time="5.4506" asserts="0" description="vRouter Agent MSI installer">
            <results>
              <test-case description="Error occurred in Describe block" name="vRouter Agent MSI installer.Error occurred in Describe block" time="5.4506" asserts="0" success="False" result="Failure" executed="True">
                <failure>
                  <message>Access to the path 'C:\Users\mk\Juniper\tmp\contrail-windows-ci\CIScripts\asdf' is denied.</message>
                  <stack-trace>At C:\Users\mk\Juniper\tmp\contrail-windows-ci\CIScripts\Testenv\Testenv.ps1:39 char:21</stack-trace>
                </failure>
              </test-case>
            </results>
          </test-suite>
        </results>
      </test-suite>
      <test-suite type="TestFixture" name="C:\Users\mk\Juniper\tmp\contrail-windows-ci\Test\Tests\Integration\vRouterAgentService.Tests.ps1" executed="True" result="Failure" success="False" time="4.1799" asserts="0" description="C:\Users\mk\Juniper\tmp\contrail-windows-ci\Test\Tests\Integration\vRouterAgentService.Tests.ps1">
        <results>
          <test-suite type="TestFixture" name="vRouter Agent service" executed="True" result="Failure" success="False" time="4.1799" asserts="0" description="vRouter Agent service">
            <results>
              <test-case description="Error occurred in Describe block" name="vRouter Agent service.Error occurred in Describe block" time="4.1799" asserts="0" success="False" result="Failure" executed="True">
                <failure>
                  <message>Access to the path 'C:\Users\mk\Juniper\tmp\contrail-windows-ci\CIScripts\asdf' is denied.</message>
                  <stack-trace>At C:\Users\mk\Juniper\tmp\contrail-windows-ci\CIScripts\Testenv\Testenv.ps1:39 char:21</stack-trace>
                </failure>
              </test-case>
            </results>
          </test-suite>
        </results>
      </test-suite>
      <test-suite type="TestFixture" name="C:\Users\mk\Juniper\tmp\contrail-windows-ci\Test\Tests\Integration\VTestScenarios.Tests.ps1" executed="True" result="Failure" success="False" time="3.7878" asserts="0" description="C:\Users\mk\Juniper\tmp\contrail-windows-ci\Test\Tests\Integration\VTestScenarios.Tests.ps1">
        <results>
          <test-suite type="TestFixture" name="vTest scenarios" executed="True" result="Failure" success="False" time="3.7878" asserts="0" description="vTest scenarios">
            <results>
              <test-case description="Error occurred in Describe block" name="vTest scenarios.Error occurred in Describe block" time="3.7878" asserts="0" success="False" result="Failure" executed="True">
                <failure>
                  <message>Access to the path 'C:\Users\mk\Juniper\tmp\contrail-windows-ci\CIScripts\asdf' is denied.</message>
                  <stack-trace>At C:\Users\mk\Juniper\tmp\contrail-windows-ci\CIScripts\Testenv\Testenv.ps1:39 char:21</stack-trace>
                </failure>
              </test-case>
            </results>
          </test-suite>
        </results>
      </test-suite>
      <test-suite type="TestFixture" name="C:\Users\mk\Juniper\tmp\contrail-windows-ci\Test\Tests\Protocol\SingleHostWithUtils.Tests.ps1" executed="True" result="Failure" success="False" time="8.258" asserts="0" description="C:\Users\mk\Juniper\tmp\contrail-windows-ci\Test\Tests\Protocol\SingleHostWithUtils.Tests.ps1">
        <results>
          <test-suite type="TestFixture" name="Single compute node protocol tests with utils" executed="True" result="Failure" success="False" time="8.258" asserts="0" description="Single compute node protocol tests with utils">
            <results>
              <test-case description="Error occurred in Describe block" name="Single compute node protocol tests with utils.Error occurred in Describe block" time="8.258" asserts="0" success="False" result="Failure" executed="True">
                <failure>
                  <message>Access to the path 'C:\Users\mk\Juniper\tmp\contrail-windows-ci\CIScripts\asdf' is denied.</message>
                  <stack-trace>At C:\Users\mk\Juniper\tmp\contrail-windows-ci\CIScripts\Testenv\Testenv.ps1:39 char:21</stack-trace>
                </failure>
              </test-case>
            </results>
          </test-suite>
        </results>
      </test-suite>
      <test-suite type="TestFixture" name="C:\Users\mk\Juniper\tmp\contrail-windows-ci\Test\Tests\Protocol\TunnelingWithUtils.Tests.ps1" executed="True" result="Inconclusive" success="True" time="0.5282" asserts="0" description="C:\Users\mk\Juniper\tmp\contrail-windows-ci\Test\Tests\Protocol\TunnelingWithUtils.Tests.ps1">
        <results>
          <test-suite type="TestFixture" name="Tunnelling with utils tests" executed="True" result="Inconclusive" success="True" time="0.5282" asserts="0" description="Tunnelling with utils tests">
            <results>
              <test-suite type="TestFixture" name="MPLSoGRE" executed="True" result="Inconclusive" success="True" time="0.5282" asserts="0" description="MPLSoGRE">
                <results>
                  <test-case description="ICMP" name="Tunnelling with utils tests.MPLSoGRE.ICMP" time="0.5176" asserts="0" success="True" result="Inconclusive" executed="True" />
                  <test-case description="TCP" name="Tunnelling with utils tests.MPLSoGRE.TCP" time="0.0106" asserts="0" success="True" result="Inconclusive" executed="True" />
                </results>
              </test-suite>
            </results>
          </test-suite>
        </results>
      </test-suite>
      <test-suite type="TestFixture" name="C:\Users\mk\Juniper\tmp\contrail-windows-ci\Test\Tests\Protocol\TunnellingWithAgent.Tests.ps1" executed="True" result="Failure" success="False" time="8.1536" asserts="0" description="C:\Users\mk\Juniper\tmp\contrail-windows-ci\Test\Tests\Protocol\TunnellingWithAgent.Tests.ps1">
        <results>
          <test-suite type="TestFixture" name="Tunnelling with Agent tests" executed="True" result="Failure" success="False" time="8.1536" asserts="0" description="Tunnelling with Agent tests">
            <results>
              <test-case description="Error occurred in Describe block" name="Tunnelling with Agent tests.Error occurred in Describe block" time="8.1536" asserts="0" success="False" result="Failure" executed="True">
                <failure>
                  <message>Access to the path 'C:\Users\mk\Juniper\tmp\contrail-windows-ci\CIScripts\asdf' is denied.</message>
                  <stack-trace>At C:\Users\mk\Juniper\tmp\contrail-windows-ci\CIScripts\Testenv\Testenv.ps1:39 char:21</stack-trace>
                </failure>
              </test-case>
            </results>
          </test-suite>
        </results>
      </test-suite>
      <test-suite type="TestFixture" name="C:\Users\mk\Juniper\tmp\contrail-windows-ci\Test\Tests\Protocol\WindowsLinuxInterop.Tests.ps1" executed="True" result="Inconclusive" success="True" time="0.3773" asserts="0" description="C:\Users\mk\Juniper\tmp\contrail-windows-ci\Test\Tests\Protocol\WindowsLinuxInterop.Tests.ps1">
        <results>
          <test-suite type="TestFixture" name="Windows Linux interoperation tests" executed="True" result="Inconclusive" success="True" time="0.3773" asserts="0" description="Windows Linux interoperation tests">
            <results>
              <test-case description="ICMP connectivity works" name="Windows Linux interoperation tests.ICMP connectivity works" time="0.3542" asserts="0" success="True" result="Inconclusive" executed="True" />
              <test-case description="TCP connectivity works" name="Windows Linux interoperation tests.TCP connectivity works" time="0.0098" asserts="0" success="True" result="Inconclusive" executed="True" />
              <test-case description="UDP connectivity works" name="Windows Linux interoperation tests.UDP connectivity works" time="0.0134" asserts="0" success="True" result="Inconclusive" executed="True" />
            </results>
          </test-suite>
        </results>
      </test-suite>
      <test-suite type="TestFixture" name="C:\Users\mk\Juniper\tmp\contrail-windows-ci\Test\Tests\Reliability\ForwardingExtLongLeak.Tests.ps1" executed="True" result="Inconclusive" success="True" time="0.3359" asserts="0" description="C:\Users\mk\Juniper\tmp\contrail-windows-ci\Test\Tests\Reliability\ForwardingExtLongLeak.Tests.ps1">
        <results>
          <test-suite type="TestFixture" name="Forwarding extension long leak test" executed="True" result="Inconclusive" success="True" time="0.3359" asserts="0" description="Forwarding extension long leak test">
            <results>
              <test-case description="doesn't crash the system when idle for a long time" name="Forwarding extension long leak test.doesn't crash the system when idle for a long time" time="0.3359" asserts="0" success="True" result="Inconclusive" executed="True" />
            </results>
          </test-suite>
        </results>
      </test-suite>
      <test-suite type="TestFixture" name="C:\Users\mk\Juniper\tmp\contrail-windows-ci\Test\Utils\CommonTestCode.Tests.ps1" executed="True" result="Success" success="True" time="0" asserts="0" description="C:\Users\mk\Juniper\tmp\contrail-windows-ci\Test\Utils\CommonTestCode.Tests.ps1">
        <results />
      </test-suite>
      <test-suite type="TestFixture" name="C:\Users\mk\Juniper\tmp\contrail-windows-ci\Test\Utils\DockerImageBuild.Tests.ps1" executed="True" result="Success" success="True" time="0" asserts="0" description="C:\Users\mk\Juniper\tmp\contrail-windows-ci\Test\Utils\DockerImageBuild.Tests.ps1">
        <results />
      </test-suite>
      <test-suite type="TestFixture" name="C:\Users\mk\Juniper\tmp\contrail-windows-ci\Test\NewContainer.Tests.ps1" executed="True" result="Success" success="True" time="0" asserts="0" description="C:\Users\mk\Juniper\tmp\contrail-windows-ci\Test\NewContainer.Tests.ps1">
        <results />
      </test-suite>
      <test-suite type="TestFixture" name="C:\Users\mk\Juniper\tmp\contrail-windows-ci\Test\RemoveAllContainers.Tests.ps1" executed="True" result="Failure" success="False" time="7.4331" asserts="0" description="C:\Users\mk\Juniper\tmp\contrail-windows-ci\Test\RemoveAllContainers.Tests.ps1">
        <results>
          <test-suite type="TestFixture" name="Remove-AllContainers" executed="True" result="Failure" success="False" time="7.4331" asserts="0" description="Remove-AllContainers">
            <results>
              <test-case description="Error occurred in Describe block" name="Remove-AllContainers.Error occurred in Describe block" time="7.4331" asserts="0" success="False" result="Failure" executed="True">
                <failure>
                  <message>Access to the path 'C:\Users\mk\Juniper\tmp\contrail-windows-ci\CIScripts\asdf' is denied.</message>
                  <stack-trace>At C:\Users\mk\Juniper\tmp\contrail-windows-ci\CIScripts\Testenv\Testenv.ps1:39 char:21</stack-trace>
                </failure>
              </test-case>
            </results>
          </test-suite>
        </results>
      </test-suite>
      <test-suite type="TestFixture" name="C:\Users\mk\Juniper\tmp\contrail-windows-ci\Test\TestConfigurationUtils.Tests.ps1" executed="True" result="Success" success="True" time="0" asserts="0" description="C:\Users\mk\Juniper\tmp\contrail-windows-ci\Test\TestConfigurationUtils.Tests.ps1">
        <results />
      </test-suite>
    </results>
  </test-suite>
</test-results>